Cei 3 muschetari
Winner
Mistretii Atomici
Elixir Junior
Black swans
Pufuletii
Konfetti
The Skyrynners
MO si F.O.C.A
Defending Champs
The Abusement Park
Chunky Monkees
Chafing the Dream
Ibuprofen and Ben Gay
The Big Egos
The Waiver Wire

--- ROUND NO:1
Cei 3 muschetari               -                         Winner
Mistretii Atomici              -                  Elixir Junior
Black swans                    -                      Pufuletii
Konfetti                       -                 The Skyrynners
MO si F.O.C.A                  -               Defending Champs
The Abusement Park             -                 Chunky Monkees
Chafing the Dream              -          Ibuprofen and Ben Gay
The Big Egos                   -                The Waiver Wire
